<?xml version="1.0" encoding="UTF-8"?>
<!-- Generated by org.testng.reporters.JUnitReportReporter -->
<testsuite hostname="Ayushi" failures="0" tests="1" name="TestCases.TC002_LoginTest" time="1.647" errors="0" timestamp="2025-04-21T15:55:22 PDT" skipped="0">
  <testcase classname="TestCases.TC002_LoginTest" name="verify_login" time="1.647"/>
</testsuite> <!-- TestCases.TC002_LoginTest -->
