<?xml version="1.0" encoding="UTF-8"?>
<!-- Generated by org.testng.reporters.JUnitReportReporter -->
<testsuite hostname="Ayushi" failures="0" tests="1" name="TestCases.TC001_AccountregistrationTest" time="2.258" errors="0" timestamp="2025-04-21T15:55:22 PDT" skipped="0">
  <testcase classname="TestCases.TC001_AccountregistrationTest" name="verify_account_registration" time="2.258"/>
</testsuite> <!-- TestCases.TC001_AccountregistrationTest -->
