<?xml version="1.0" encoding="UTF-8"?>
<!-- Generated by org.testng.reporters.JUnitReportReporter -->
<testsuite hostname="Ayushi" failures="0" tests="5" name="TestCases.TC003_LoginDDT" time="68.427" errors="0" timestamp="2025-04-21T15:55:22 PDT" skipped="0">
  <testcase classname="TestCases.TC003_LoginDDT" name="verify_LoginDDT" time="21.606"/>
  <testcase classname="TestCases.TC003_LoginDDT" name="verify_LoginDDT" time="2.521"/>
  <testcase classname="TestCases.TC003_LoginDDT" name="verify_LoginDDT" time="2.126"/>
  <testcase classname="TestCases.TC003_LoginDDT" name="verify_LoginDDT" time="21.550"/>
  <testcase classname="TestCases.TC003_LoginDDT" name="verify_LoginDDT" time="20.624"/>
</testsuite> <!-- TestCases.TC003_LoginDDT -->
